2025-01-12T17:18:30.867-08:00  INFO 54129 --- [UserService] [restartedMain] c.B.UserService.UserServiceApplication   : Starting UserServiceApplication using Java 17.0.8 with PID 54129 (/Users/kavithabharathiraja/Downloads/UserService/build/classes/java/main started by kavithabharathiraja in /Users/kavithabharathiraja/Downloads/UserService)
2025-01-12T17:18:30.871-08:00  INFO 54129 --- [UserService] [restartedMain] c.B.UserService.UserServiceApplication   : No active profile set, falling back to 1 default profile: "default"
2025-01-12T17:18:30.896-08:00  INFO 54129 --- [UserService] [restartedMain] .e.DevToolsPropertyDefaultsPostProcessor : Devtools property defaults active! Set 'spring.devtools.add-properties' to 'false' to disable
2025-01-12T17:18:30.896-08:00  INFO 54129 --- [UserService] [restartedMain] .e.DevToolsPropertyDefaultsPostProcessor : For additional web related logging consider setting the 'logging.level.web' property to 'DEBUG'
2025-01-12T17:18:31.288-08:00  INFO 54129 --- [UserService] [restartedMain] .s.d.r.c.RepositoryConfigurationDelegate : Bootstrapping Spring Data JPA repositories in DEFAULT mode.
2025-01-12T17:18:31.325-08:00  INFO 54129 --- [UserService] [restartedMain] .s.d.r.c.RepositoryConfigurationDelegate : Finished Spring Data repository scanning in 29 ms. Found 1 JPA repository interface.
2025-01-12T17:18:31.758-08:00  INFO 54129 --- [UserService] [restartedMain] o.s.b.w.embedded.tomcat.TomcatWebServer  : Tomcat initialized with port 8081 (http)
2025-01-12T17:18:31.766-08:00  INFO 54129 --- [UserService] [restartedMain] o.apache.catalina.core.StandardService   : Starting service [Tomcat]
2025-01-12T17:18:31.766-08:00  INFO 54129 --- [UserService] [restartedMain] o.apache.catalina.core.StandardEngine    : Starting Servlet engine: [Apache Tomcat/10.1.33]
2025-01-12T17:18:31.788-08:00  INFO 54129 --- [UserService] [restartedMain] o.a.c.c.C.[Tomcat].[localhost].[/]       : Initializing Spring embedded WebApplicationContext
2025-01-12T17:18:31.789-08:00  INFO 54129 --- [UserService] [restartedMain] w.s.c.ServletWebServerApplicationContext : Root WebApplicationContext: initialization completed in 893 ms
2025-01-12T17:18:31.879-08:00  INFO 54129 --- [UserService] [restartedMain] o.hibernate.jpa.internal.util.LogHelper  : HHH000204: Processing PersistenceUnitInfo [name: default]
2025-01-12T17:18:31.923-08:00  INFO 54129 --- [UserService] [restartedMain] org.hibernate.Version                    : HHH000412: Hibernate ORM core version 6.6.2.Final
2025-01-12T17:18:31.945-08:00  INFO 54129 --- [UserService] [restartedMain] o.h.c.internal.RegionFactoryInitiator    : HHH000026: Second-level cache disabled
2025-01-12T17:18:32.152-08:00  INFO 54129 --- [UserService] [restartedMain] o.s.o.j.p.SpringPersistenceUnitInfo      : No LoadTimeWeaver setup: ignoring JPA class transformer
2025-01-12T17:18:32.172-08:00  INFO 54129 --- [UserService] [restartedMain] com.zaxxer.hikari.HikariDataSource       : HikariPool-1 - Starting...
2025-01-12T17:18:33.173-08:00  INFO 54129 --- [UserService] [restartedMain] com.zaxxer.hikari.pool.HikariPool        : HikariPool-1 - Added connection com.mysql.cj.jdbc.ConnectionImpl@95af6ef
2025-01-12T17:18:33.177-08:00  INFO 54129 --- [UserService] [restartedMain] com.zaxxer.hikari.HikariDataSource       : HikariPool-1 - Start completed.
2025-01-12T17:18:33.293-08:00  WARN 54129 --- [UserService] [restartedMain] org.hibernate.orm.deprecation            : HHH90000025: MySQL8Dialect does not need to be specified explicitly using 'hibernate.dialect' (remove the property setting and it will be selected by default)
2025-01-12T17:18:33.293-08:00  WARN 54129 --- [UserService] [restartedMain] org.hibernate.orm.deprecation            : HHH90000026: MySQL8Dialect has been deprecated; use org.hibernate.dialect.MySQLDialect instead
2025-01-12T17:18:33.302-08:00  INFO 54129 --- [UserService] [restartedMain] org.hibernate.orm.connections.pooling    : HHH10001005: Database info:
	Database JDBC URL [Connecting through datasource 'HikariDataSource (HikariPool-1)']
	Database driver: undefined/unknown
	Database version: 8.0
	Autocommit mode: undefined/unknown
	Isolation level: undefined/unknown
	Minimum pool size: undefined/unknown
	Maximum pool size: undefined/unknown
2025-01-12T17:18:33.695-08:00  INFO 54129 --- [UserService] [restartedMain] o.h.e.t.j.p.i.JtaPlatformInitiator       : HHH000489: No JTA platform available (set 'hibernate.transaction.jta.platform' to enable JTA platform integration)
2025-01-12T17:18:33.873-08:00 DEBUG 54129 --- [UserService] [restartedMain] org.hibernate.SQL                        : 
    create table users (
        user_id bigint not null auto_increment,
        created_at datetime(6),
        email varchar(100) not null,
        phone_number varchar(15),
        updated_at datetime(6),
        username varchar(50) not null,
        primary key (user_id)
    ) engine=InnoDB
2025-01-12T17:18:34.065-08:00 DEBUG 54129 --- [UserService] [restartedMain] org.hibernate.SQL                        : 
    alter table users 
       drop index UK6dotkott2kjsp8vw4d0m25fb7
2025-01-12T17:18:34.262-08:00 DEBUG 54129 --- [UserService] [restartedMain] org.hibernate.SQL                        : 
    alter table users 
       add constraint UK6dotkott2kjsp8vw4d0m25fb7 unique (email)
2025-01-12T17:18:34.438-08:00 DEBUG 54129 --- [UserService] [restartedMain] org.hibernate.SQL                        : 
    alter table users 
       drop index UKr43af9ap4edm43mmtq01oddj6
2025-01-12T17:18:34.590-08:00 DEBUG 54129 --- [UserService] [restartedMain] org.hibernate.SQL                        : 
    alter table users 
       add constraint UKr43af9ap4edm43mmtq01oddj6 unique (username)
2025-01-12T17:18:34.767-08:00  INFO 54129 --- [UserService] [restartedMain] j.LocalContainerEntityManagerFactoryBean : Initialized JPA EntityManagerFactory for persistence unit 'default'
2025-01-12T17:18:34.931-08:00  WARN 54129 --- [UserService] [restartedMain] JpaBaseConfiguration$JpaWebConfiguration : spring.jpa.open-in-view is enabled by default. Therefore, database queries may be performed during view rendering. Explicitly configure spring.jpa.open-in-view to disable this warning
2025-01-12T17:18:35.103-08:00  WARN 54129 --- [UserService] [restartedMain] o.s.b.d.a.OptionalLiveReloadServer       : Unable to start LiveReload server
2025-01-12T17:18:35.115-08:00  WARN 54129 --- [UserService] [restartedMain] ConfigServletWebServerApplicationContext : Exception encountered during context initialization - cancelling refresh attempt: org.springframework.context.ApplicationContextException: Failed to start bean 'webServerStartStop'
2025-01-12T17:18:35.116-08:00  INFO 54129 --- [UserService] [restartedMain] j.LocalContainerEntityManagerFactoryBean : Closing JPA EntityManagerFactory for persistence unit 'default'
2025-01-12T17:18:35.117-08:00  INFO 54129 --- [UserService] [restartedMain] com.zaxxer.hikari.HikariDataSource       : HikariPool-1 - Shutdown initiated...
2025-01-12T17:18:35.481-08:00  INFO 54129 --- [UserService] [restartedMain] com.zaxxer.hikari.HikariDataSource       : HikariPool-1 - Shutdown completed.
2025-01-12T17:18:35.493-08:00  INFO 54129 --- [UserService] [restartedMain] .s.b.a.l.ConditionEvaluationReportLogger : 

Error starting ApplicationContext. To display the condition evaluation report re-run your application with 'debug' enabled.
2025-01-12T17:18:35.505-08:00 ERROR 54129 --- [UserService] [restartedMain] o.s.b.d.LoggingFailureAnalysisReporter   : 

***************************
APPLICATION FAILED TO START
***************************

Description:

Web server failed to start. Port 8081 was already in use.

Action:

Identify and stop the process that's listening on port 8081 or configure this application to listen on another port.

